<?xml version="1.0" encoding="UTF-8"?>
<testsuite name="com.prs.backoffice.BackofficeApplicationTests" tests="1" skipped="0" failures="0" errors="0" timestamp="2019-12-17T22:46:15" hostname="AR0FVFXF1BRHV2J" time="0.09">
  <properties/>
  <testcase name="contextLoads()" classname="com.prs.backoffice.BackofficeApplicationTests" time="0.09"/>
  <system-out><![CDATA[19:46:08.647 [Test worker] DEBUG org.springframework.test.context.BootstrapUtils - Instantiating CacheAwareContextLoaderDelegate from class [org.springframework.test.context.cache.DefaultCacheAwareContextLoaderDelegate]
19:46:08.665 [Test worker] DEBUG org.springframework.test.context.BootstrapUtils - Instantiating BootstrapContext using constructor [public org.springframework.test.context.support.DefaultBootstrapContext(java.lang.Class,org.springframework.test.context.CacheAwareContextLoaderDelegate)]
19:46:08.704 [Test worker] DEBUG org.springframework.test.context.BootstrapUtils - Instantiating TestContextBootstrapper for test class [com.prs.backoffice.BackofficeApplicationTests] from class [org.springframework.boot.test.context.SpringBootTestContextBootstrapper]
19:46:08.728 [Test worker] INFO org.springframework.boot.test.context.SpringBootTestContextBootstrapper - Neither @ContextConfiguration nor @ContextHierarchy found for test class [com.prs.backoffice.BackofficeApplicationTests], using SpringBootContextLoader
19:46:08.731 [Test worker] DEBUG org.springframework.test.context.support.AbstractContextLoader - Did not detect default resource location for test class [com.prs.backoffice.BackofficeApplicationTests]: class path resource [com/prs/backoffice/BackofficeApplicationTests-context.xml] does not exist
19:46:08.732 [Test worker] DEBUG org.springframework.test.context.support.AbstractContextLoader - Did not detect default resource location for test class [com.prs.backoffice.BackofficeApplicationTests]: class path resource [com/prs/backoffice/BackofficeApplicationTestsContext.groovy] does not exist
19:46:08.732 [Test worker] INFO org.springframework.test.context.support.AbstractContextLoader - Could not detect default resource locations for test class [com.prs.backoffice.BackofficeApplicationTests]: no resource found for suffixes {-context.xml, Context.groovy}.
19:46:08.733 [Test worker] INFO org.springframework.test.context.support.AnnotationConfigContextLoaderUtils - Could not detect default configuration classes for test class [com.prs.backoffice.BackofficeApplicationTests]: BackofficeApplicationTests does not declare any static, non-private, non-final, nested classes annotated with @Configuration.
19:46:08.800 [Test worker] DEBUG org.springframework.test.context.support.ActiveProfilesUtils - Could not find an 'annotation declaring class' for annotation type [org.springframework.test.context.ActiveProfiles] and class [com.prs.backoffice.BackofficeApplicationTests]
19:46:08.887 [Test worker] DEBUG org.springframework.context.annotation.ClassPathScanningCandidateComponentProvider - Identified candidate component class: file [/Users/prickert/Projects/java/backoffice/prs-backoffice-server/build/classes/kotlin/main/com/prs/backoffice/BackofficeApplication.class]
19:46:08.891 [Test worker] INFO org.springframework.boot.test.context.SpringBootTestContextBootstrapper - Found @SpringBootConfiguration com.prs.backoffice.BackofficeApplication for test class com.prs.backoffice.BackofficeApplicationTests
19:46:09.091 [Test worker] DEBUG org.springframework.boot.test.context.SpringBootTestContextBootstrapper - @TestExecutionListeners is not present for class [com.prs.backoffice.BackofficeApplicationTests]: using defaults.
19:46:09.092 [Test worker] INFO org.springframework.boot.test.context.SpringBootTestContextBootstrapper - Loaded default TestExecutionListener class names from location [META-INF/spring.factories]: [org.springframework.boot.test.autoconfigure.restdocs.RestDocsTestExecutionListener, org.springframework.boot.test.autoconfigure.web.client.MockRestServiceServerResetTestExecutionListener, org.springframework.boot.test.autoconfigure.web.servlet.MockMvcPrintOnlyOnFailureTestExecutionListener, org.springframework.boot.test.autoconfigure.web.servlet.WebDriverTestExecutionListener, org.springframework.boot.test.mock.mockito.MockitoTestExecutionListener, org.springframework.boot.test.mock.mockito.ResetMocksTestExecutionListener, org.springframework.test.context.web.ServletTestExecutionListener, org.springframework.test.context.support.DirtiesContextBeforeModesTestExecutionListener, org.springframework.test.context.support.DependencyInjectionTestExecutionListener, org.springframework.test.context.support.DirtiesContextTestExecutionListener, org.springframework.test.context.transaction.TransactionalTestExecutionListener, org.springframework.test.context.jdbc.SqlScriptsTestExecutionListener, org.springframework.test.context.event.EventPublishingTestExecutionListener]
19:46:09.113 [Test worker] INFO org.springframework.boot.test.context.SpringBootTestContextBootstrapper - Using TestExecutionListeners: [org.springframework.test.context.web.ServletTestExecutionListener@fb5fa91, org.springframework.test.context.support.DirtiesContextBeforeModesTestExecutionListener@60e7e14a, org.springframework.boot.test.mock.mockito.MockitoTestExecutionListener@1f94507d, org.springframework.boot.test.autoconfigure.SpringBootDependencyInjectionTestExecutionListener@72b02294, org.springframework.test.context.support.DirtiesContextTestExecutionListener@52f13f21, org.springframework.test.context.transaction.TransactionalTestExecutionListener@dc36984, org.springframework.test.context.jdbc.SqlScriptsTestExecutionListener@30e9d7f9, org.springframework.test.context.event.EventPublishingTestExecutionListener@43bee7f2, org.springframework.boot.test.autoconfigure.restdocs.RestDocsTestExecutionListener@186dd093, org.springframework.boot.test.autoconfigure.web.client.MockRestServiceServerResetTestExecutionListener@e740553, org.springframework.boot.test.autoconfigure.web.servlet.MockMvcPrintOnlyOnFailureTestExecutionListener@70dc4d7b, org.springframework.boot.test.autoconfigure.web.servlet.WebDriverTestExecutionListener@44e9a5e5, org.springframework.boot.test.mock.mockito.ResetMocksTestExecutionListener@32f60ca3]
19:46:09.119 [Test worker] DEBUG org.springframework.test.context.support.AbstractDirtiesContextTestExecutionListener - Before test class: context [DefaultTestContext@6bb98a67 testClass = BackofficeApplicationTests, testInstance = [null], testMethod = [null], testException = [null], mergedContextConfiguration = [WebMergedContextConfiguration@7a91a09a testClass = BackofficeApplicationTests, locations = '{}', classes = '{class com.prs.backoffice.BackofficeApplication}', contextInitializerClasses = '[]', activeProfiles = '{}', propertySourceLocations = '{}', propertySourceProperties = '{org.springframework.boot.test.context.SpringBootTestContextBootstrapper=true}', contextCustomizers = set[org.springframework.boot.test.autoconfigure.properties.PropertyMappingContextCustomizer@0, org.springframework.boot.test.autoconfigure.web.servlet.WebDriverContextCustomizerFactory$Customizer@3c8f604a, org.springframework.boot.test.context.filter.ExcludeFilterContextCustomizer@6b07ba9b, org.springframework.boot.test.json.DuplicateJsonObjectContextCustomizerFactory$DuplicateJsonObjectContextCustomizer@33aa0834, org.springframework.boot.test.mock.mockito.MockitoContextCustomizer@0, org.springframework.boot.test.web.client.TestRestTemplateContextCustomizer@65f8086d], resourceBasePath = 'src/main/webapp', contextLoader = 'org.springframework.boot.test.context.SpringBootContextLoader', parent = [null]], attributes = map['org.springframework.test.context.web.ServletTestExecutionListener.activateListener' -> true]], class annotated with @DirtiesContext [false] with mode [null].
19:46:09.155 [Test worker] DEBUG org.springframework.test.context.support.TestPropertySourceUtils - Adding inlined properties to environment: {spring.jmx.enabled=false, org.springframework.boot.test.context.SpringBootTestContextBootstrapper=true, server.port=-1}

  .   ____          _            __ _ _
 /\\ / ___'_ __ _ _(_)_ __  __ _ \ \ \ \
( ( )\___ | '_ | '_| | '_ \/ _` | \ \ \ \
 \\/  ___)| |_)| | | | | || (_| |  ) ) ) )
  '  |____| .__|_| |_|_| |_\__, | / / / /
 =========|_|==============|___/=/_/_/_/
 :: Spring Boot ::        (v2.2.2.RELEASE)

2019-12-17 19:46:09.633  INFO 27820 --- [    Test worker] c.p.b.BackofficeApplicationTests         : Starting BackofficeApplicationTests on AR0FVFXF1BRHV2J with PID 27820 (started by prickert in /Users/prickert/Projects/java/backoffice/prs-backoffice-server)
2019-12-17 19:46:09.635  INFO 27820 --- [    Test worker] c.p.b.BackofficeApplicationTests         : No active profile set, falling back to default profiles: default
2019-12-17 19:46:09.970  WARN 27820 --- [kground-preinit] o.s.h.c.j.Jackson2ObjectMapperBuilder    : For Jackson Kotlin classes support please add "com.fasterxml.jackson.module:jackson-module-kotlin" to the classpath
2019-12-17 19:46:10.564  INFO 27820 --- [    Test worker] .s.d.r.c.RepositoryConfigurationDelegate : Multiple Spring Data modules found, entering strict repository configuration mode!
2019-12-17 19:46:10.566  INFO 27820 --- [    Test worker] .s.d.r.c.RepositoryConfigurationDelegate : Bootstrapping Spring Data JDBC repositories in DEFAULT mode.
2019-12-17 19:46:10.617  INFO 27820 --- [    Test worker] .RepositoryConfigurationExtensionSupport : Spring Data JDBC - Could not safely identify store assignment for repository candidate interface com.prs.backoffice.camera.CameraRepository. If you want this repository to be a JDBC repository, consider annotating your entities with one of these annotations: org.springframework.data.relational.core.mapping.Table.
2019-12-17 19:46:10.620  INFO 27820 --- [    Test worker] .RepositoryConfigurationExtensionSupport : Spring Data JDBC - Could not safely identify store assignment for repository candidate interface com.prs.backoffice.log.LogRepository. If you want this repository to be a JDBC repository, consider annotating your entities with one of these annotations: org.springframework.data.relational.core.mapping.Table.
2019-12-17 19:46:10.624  INFO 27820 --- [    Test worker] .RepositoryConfigurationExtensionSupport : Spring Data JDBC - Could not safely identify store assignment for repository candidate interface com.prs.backoffice.plate.PlateListRepository. If you want this repository to be a JDBC repository, consider annotating your entities with one of these annotations: org.springframework.data.relational.core.mapping.Table.
2019-12-17 19:46:10.624  INFO 27820 --- [    Test worker] .s.d.r.c.RepositoryConfigurationDelegate : Finished Spring Data repository scanning in 52ms. Found 0 JDBC repository interfaces.
2019-12-17 19:46:10.637  INFO 27820 --- [    Test worker] .s.d.r.c.RepositoryConfigurationDelegate : Multiple Spring Data modules found, entering strict repository configuration mode!
2019-12-17 19:46:10.638  INFO 27820 --- [    Test worker] .s.d.r.c.RepositoryConfigurationDelegate : Bootstrapping Spring Data JPA repositories in DEFAULT mode.
2019-12-17 19:46:10.660  INFO 27820 --- [    Test worker] .RepositoryConfigurationExtensionSupport : Spring Data JPA - Could not safely identify store assignment for repository candidate interface com.prs.backoffice.log.LogRepository. If you want this repository to be a JPA repository, consider annotating your entities with one of these annotations: javax.persistence.Entity, javax.persistence.MappedSuperclass (preferred), or consider extending one of the following types with your repository: org.springframework.data.jpa.repository.JpaRepository.
2019-12-17 19:46:10.683  INFO 27820 --- [    Test worker] .s.d.r.c.RepositoryConfigurationDelegate : Finished Spring Data repository scanning in 40ms. Found 2 JPA repository interfaces.
2019-12-17 19:46:10.703  INFO 27820 --- [    Test worker] .s.d.r.c.RepositoryConfigurationDelegate : Multiple Spring Data modules found, entering strict repository configuration mode!
2019-12-17 19:46:10.703  INFO 27820 --- [    Test worker] .s.d.r.c.RepositoryConfigurationDelegate : Bootstrapping Spring Data MongoDB repositories in DEFAULT mode.
2019-12-17 19:46:10.709  INFO 27820 --- [    Test worker] .RepositoryConfigurationExtensionSupport : Spring Data MongoDB - Could not safely identify store assignment for repository candidate interface com.prs.backoffice.camera.CameraRepository. If you want this repository to be a MongoDB repository, consider annotating your entities with one of these annotations: org.springframework.data.mongodb.core.mapping.Document (preferred), or consider extending one of the following types with your repository: org.springframework.data.mongodb.repository.MongoRepository.
2019-12-17 19:46:10.712  INFO 27820 --- [    Test worker] .RepositoryConfigurationExtensionSupport : Spring Data MongoDB - Could not safely identify store assignment for repository candidate interface com.prs.backoffice.plate.PlateListRepository. If you want this repository to be a MongoDB repository, consider annotating your entities with one of these annotations: org.springframework.data.mongodb.core.mapping.Document (preferred), or consider extending one of the following types with your repository: org.springframework.data.mongodb.repository.MongoRepository.
2019-12-17 19:46:10.716  INFO 27820 --- [    Test worker] .s.d.r.c.RepositoryConfigurationDelegate : Finished Spring Data repository scanning in 10ms. Found 1 MongoDB repository interfaces.
2019-12-17 19:46:11.541  INFO 27820 --- [    Test worker] trationDelegate$BeanPostProcessorChecker : Bean 'org.springframework.ws.config.annotation.DelegatingWsConfiguration' of type [org.springframework.ws.config.annotation.DelegatingWsConfiguration$$EnhancerBySpringCGLIB$$700c48a1] is not eligible for getting processed by all BeanPostProcessors (for example: not eligible for auto-proxying)
2019-12-17 19:46:11.614  INFO 27820 --- [    Test worker] .w.s.a.s.AnnotationActionEndpointMapping : Supporting [WS-Addressing August 2004, WS-Addressing 1.0]
2019-12-17 19:46:11.636  INFO 27820 --- [    Test worker] trationDelegate$BeanPostProcessorChecker : Bean 'org.springframework.transaction.annotation.ProxyTransactionManagementConfiguration' of type [org.springframework.transaction.annotation.ProxyTransactionManagementConfiguration] is not eligible for getting processed by all BeanPostProcessors (for example: not eligible for auto-proxying)
2019-12-17 19:46:11.967  INFO 27820 --- [    Test worker] o.hibernate.jpa.internal.util.LogHelper  : HHH000204: Processing PersistenceUnitInfo [name: default]
2019-12-17 19:46:12.059  INFO 27820 --- [    Test worker] org.hibernate.Version                    : HHH000412: Hibernate Core {5.4.9.Final}
2019-12-17 19:46:12.208  INFO 27820 --- [    Test worker] o.hibernate.annotations.common.Version   : HCANN000001: Hibernate Commons Annotations {5.1.0.Final}
2019-12-17 19:46:12.330  INFO 27820 --- [    Test worker] com.zaxxer.hikari.HikariDataSource       : HikariPool-1 - Starting...
2019-12-17 19:46:12.557  INFO 27820 --- [    Test worker] com.zaxxer.hikari.HikariDataSource       : HikariPool-1 - Start completed.
2019-12-17 19:46:12.586  INFO 27820 --- [    Test worker] org.hibernate.dialect.Dialect            : HHH000400: Using dialect: org.hibernate.dialect.H2Dialect
Hibernate: create table camera (id bigint not null, code varchar(255), lat double, long double, name varchar(255), primary key (id))
Hibernate: create table plate_list (id bigint not null, action varchar(255), list varchar(255), metadata varchar(255), name varchar(255), primary key (id))
Hibernate: create sequence hibernate_sequence start with 1 increment by 1
2019-12-17 19:46:13.190  INFO 27820 --- [    Test worker] o.h.e.t.j.p.i.JtaPlatformInitiator       : HHH000490: Using JtaPlatform implementation: [org.hibernate.engine.transaction.jta.platform.internal.NoJtaPlatform]
2019-12-17 19:46:13.199  INFO 27820 --- [    Test worker] j.LocalContainerEntityManagerFactoryBean : Initialized JPA EntityManagerFactory for persistence unit 'default'
2019-12-17 19:46:14.082  INFO 27820 --- [    Test worker] org.mongodb.driver.cluster               : Cluster created with settings {hosts=[127.0.0.1:27017], mode=SINGLE, requiredClusterType=UNKNOWN, serverSelectionTimeout='30000 ms', maxWaitQueueSize=500}
2019-12-17 19:46:14.165  INFO 27820 --- [127.0.0.1:27017] org.mongodb.driver.connection            : Opened connection [connectionId{localValue:1, serverValue:4}] to 127.0.0.1:27017
2019-12-17 19:46:14.171  INFO 27820 --- [127.0.0.1:27017] org.mongodb.driver.cluster               : Monitor thread successfully connected to server with description ServerDescription{address=127.0.0.1:27017, type=STANDALONE, state=CONNECTED, ok=true, version=ServerVersion{versionList=[4, 2, 2]}, minWireVersion=0, maxWireVersion=8, maxDocumentSize=16777216, logicalSessionTimeoutMinutes=30, roundTripTimeNanos=4085183}
2019-12-17 19:46:14.674  WARN 27820 --- [    Test worker] JpaBaseConfiguration$JpaWebConfiguration : spring.jpa.open-in-view is enabled by default. Therefore, database queries may be performed during view rendering. Explicitly configure spring.jpa.open-in-view to disable this warning
2019-12-17 19:46:15.038  INFO 27820 --- [    Test worker] o.s.s.concurrent.ThreadPoolTaskExecutor  : Initializing ExecutorService 'applicationTaskExecutor'
2019-12-17 19:46:15.442  INFO 27820 --- [    Test worker] o.s.b.a.h2.H2ConsoleAutoConfiguration    : H2 console available at '/h2_console'. Database available at 'jdbc:h2:mem:testdb'
2019-12-17 19:46:15.550  INFO 27820 --- [    Test worker] c.p.b.BackofficeApplicationTests         : Started BackofficeApplicationTests in 6.383 seconds (JVM running for 8.015)
]]></system-out>
  <system-err><![CDATA[]]></system-err>
</testsuite>
